<?xml version="1.0" encoding="UTF-8"?>
<!-- Generated by org.testng.reporters.JUnitReportReporter -->
<testsuite hostname="ME-PC" failures="0" tests="1" name="uaterp2.workAuthorisation" time="29.547" errors="0" timestamp="2022-07-05T14:50:49 IST" skipped="0">
  <testcase classname="uaterp2.workAuthorisation" name="workheirarchyNotUpdating" time="29.547"/>
  <system-out/>
</testsuite> <!-- uaterp2.workAuthorisation -->
