<?xml version="1.0" encoding="UTF-8"?>
<!-- Generated by org.testng.reporters.JUnitReportReporter -->
<testsuite hostname="ME-PC" failures="0" tests="1" name="uaterp2.login" time="141.581" errors="0" timestamp="2022-06-27T17:47:09 IST" skipped="0">
  <testcase classname="uaterp2.login" name="login1" time="141.581"/>
  <system-out/>
</testsuite> <!-- uaterp2.login -->
