<?xml version="1.0" encoding="UTF-8"?>
<!-- Generated by org.testng.reporters.JUnitReportReporter -->
<testsuite hostname="ME-PC" failures="0" tests="1" name="uaterp2.createVendorOrganisationFailedTest" time="51.017" errors="0" timestamp="2022-07-04T10:13:31 IST" skipped="0">
  <testcase classname="uaterp2.createVendorOrganisationFailedTest" name="createvendor1" time="51.017"/>
  <system-out/>
</testsuite> <!-- uaterp2.createVendorOrganisationFailedTest -->
