<?xml version="1.0" encoding="UTF-8"?>
<!-- Generated by org.testng.reporters.JUnitReportReporter -->
<testsuite hostname="ME-PC" failures="0" tests="1" name="uaterp2.createOrganisationEntityFailedTest" time="47.260" errors="0" timestamp="2022-06-29T14:15:50 IST" skipped="0">
  <testcase classname="uaterp2.createOrganisationEntityFailedTest" name="createvendor1" time="47.260"/>
  <system-out/>
</testsuite> <!-- uaterp2.createOrganisationEntityFailedTest -->
