<?xml version="1.0" encoding="UTF-8"?>
<!-- Generated by org.testng.reporters.JUnitReportReporter -->
<testsuite hostname="ME-PC" failures="0" tests="1" name="uaterp2.RoleAuthourization" time="47.482" errors="0" timestamp="2022-07-04T18:01:59 IST" skipped="0">
  <testcase classname="uaterp2.RoleAuthourization" name="role" time="47.482"/>
  <system-out/>
</testsuite> <!-- uaterp2.RoleAuthourization -->
